[debug] [2024-03-30T12:05:07.628Z] ----------------------------------------------------------------------
[debug] [2024-03-30T12:05:07.629Z] Command:       /home/caritas/.nvm/versions/node/v18.12.1/bin/node /home/caritas/.nvm/versions/node/v18.12.1/bin/firebase init functions
[debug] [2024-03-30T12:05:07.629Z] CLI Version:   13.6.0
[debug] [2024-03-30T12:05:07.630Z] Platform:      linux
[debug] [2024-03-30T12:05:07.630Z] Node Version:  v18.12.1
[debug] [2024-03-30T12:05:07.630Z] Time:          Sat Mar 30 2024 13:05:07 GMT+0100 (West Africa Standard Time)
[debug] [2024-03-30T12:05:07.630Z] ----------------------------------------------------------------------
[debug] 
[debug] [2024-03-30T12:05:07.633Z] > command requires scopes: ["email","openid","https://www.googleapis.com/auth/cloudplatformprojects.readonly","https://www.googleapis.com/auth/firebase","https://www.googleapis.com/auth/cloud-platform"]
[debug] [2024-03-30T12:05:07.633Z] > authorizing via signed-in user (mbesseygodwin@gmail.com)
[info] 
     ######## #### ########  ######## ########     ###     ######  ########
     ##        ##  ##     ## ##       ##     ##  ##   ##  ##       ##
     ######    ##  ########  ######   ########  #########  ######  ######
     ##        ##  ##    ##  ##       ##     ## ##     ##       ## ##
     ##       #### ##     ## ######## ########  ##     ##  ######  ########

You're about to initialize a Firebase project in this directory:

  /home/caritas/Desktop/workplan/workflow/backend

[info] 
=== Project Setup
[info] 
[info] First, let's associate this project directory with a Firebase project.
[info] You can create multiple project aliases by running firebase use --add, 
[info] but for now we'll just set up a default project.
[info] 
[info] i  If you want to create a project in a Google Cloud organization or folder, please use "firebase projects:create" instead, and return to this command when you've created the project. 
[debug] [2024-03-30T12:05:33.639Z] >>> [apiv2][query] POST https://cloudresourcemanager.googleapis.com/v1/projects [none]
[debug] [2024-03-30T12:05:33.639Z] >>> [apiv2][body] POST https://cloudresourcemanager.googleapis.com/v1/projects {"projectId":"workplan","name":"workplan"}
[debug] [2024-03-30T12:05:42.784Z] <<< [apiv2][status] POST https://cloudresourcemanager.googleapis.com/v1/projects 409
[debug] [2024-03-30T12:05:42.785Z] <<< [apiv2][body] POST https://cloudresourcemanager.googleapis.com/v1/projects {"error":{"code":409,"message":"Requested entity already exists","status":"ALREADY_EXISTS"}}
[debug] [2024-03-30T12:05:47.791Z] Error: Timed out.
    at Timeout._onTimeout (/home/caritas/.nvm/versions/node/v18.12.1/lib/node_modules/firebase-tools/lib/utils.js:258:49)
    at listOnTimeout (node:internal/timers:564:17)
    at process.processTimers (node:internal/timers:507:7)
[error] 
[error] Error: An unexpected error has occurred.
